0 info it worked if it ends with ok
1 verbose cli [ 'node', '/usr/local/bin/npm', 'run-script', 'test:e2e' ]
2 info using npm@2.0.0
3 info using node@v0.10.30
4 verbose node symlink /usr/local/bin/node
5 verbose run-script [ 'pretest:e2e', 'test:e2e', 'posttest:e2e' ]
6 info pretest:e2e webschool@
7 info test:e2e webschool@
8 verbose unsafe-perm in lifecycle true
9 info webschool@ Failed to exec test:e2e script
10 verbose stack Error: webschool@ test:e2e: `protractor app/assets/javascripts/test/config/protractor-e2e.conf.js`
10 verbose stack Exit status 1
10 verbose stack     at ChildProcess.<anonymous> (/usr/local/lib/node_modules/npm/lib/utils/lifecycle.js:212:16)
10 verbose stack     at ChildProcess.emit (events.js:98:17)
10 verbose stack     at maybeClose (child_process.js:756:16)
10 verbose stack     at Process.ChildProcess._handle.onexit (child_process.js:823:5)
11 verbose pkgid webschool@
12 verbose cwd /Users/apple/github/webschool
13 error Darwin 13.4.0
14 error argv "node" "/usr/local/bin/npm" "run-script" "test:e2e"
15 error node v0.10.30
16 error npm  v2.0.0
17 error code ELIFECYCLE
18 error webschool@ test:e2e: `protractor app/assets/javascripts/test/config/protractor-e2e.conf.js`
18 error Exit status 1
19 error Failed at the webschool@ test:e2e script.
19 error This is most likely a problem with the webschool package,
19 error not with npm itself.
19 error Tell the author that this fails on your system:
19 error     protractor app/assets/javascripts/test/config/protractor-e2e.conf.js
19 error You can get their info via:
19 error     npm owner ls webschool
19 error There is likely additional logging output above.
20 verbose exit [ 1, true ]
